*** Starting uWSGI 2.0.19.1 (64bit) on [Tue Mar  9 14:23:25 2021] ***
compiled with version: Apple LLVM 12.0.0 (clang-1200.0.22.8) on 14 January 2021 14:38:22
os: Darwin-19.4.0 Darwin Kernel Version 19.4.0: Wed Mar  4 22:28:40 PST 2020; root:xnu-6153.101.6~15/RELEASE_X86_64
nodename: mac-5.local
machine: x86_64
clock source: unix
pcre jit disabled
detected number of CPU cores: 8
current working directory: /Users/mi0/tool/srctool/hhsrc_v3/hhsrc_server
writing pidfile to /Users/mi0/tool/srctool/hhsrc_v3/hhsrc_server/uwsgi.pid
detected binary path: /usr/local/Cellar/uwsgi/2.0.19.1/bin/uwsgi
your processes number limit is 2784
your memory page size is 4096 bytes
detected max file descriptor number: 12800
lock engine: OSX spinlocks
thunder lock: disabled (you can enable it with --thunder-lock)
uwsgi socket 0 bound to TCP address 127.0.0.1:9002 fd 3
your server socket listen backlog is limited to 100 connections
your mercy for graceful operations on workers is 60 seconds
mapped 416800 bytes (407 KB) for 8 cores
*** Operational MODE: preforking+threaded ***
*** no app loaded. going in full dynamic mode ***
*** uWSGI is running in multiple interpreter mode ***
!!!!!!!!!!!!!! WARNING !!!!!!!!!!!!!!
no request plugin is loaded, you will not be able to manage requests.
you may need to install the package for your language of choice, or simply load it with --plugin.
!!!!!!!!!!! END OF WARNING !!!!!!!!!!
spawned uWSGI master process (pid: 1198)
spawned uWSGI worker 1 (pid: 1201, cores: 2)
spawned uWSGI worker 2 (pid: 1202, cores: 2)
spawned uWSGI worker 3 (pid: 1203, cores: 2)
spawned uWSGI worker 4 (pid: 1204, cores: 2)
*** Starting uWSGI 2.0.19.1 (64bit) on [Tue Mar  9 14:23:46 2021] ***
compiled with version: Apple LLVM 12.0.0 (clang-1200.0.22.8) on 14 January 2021 14:38:22
os: Darwin-19.4.0 Darwin Kernel Version 19.4.0: Wed Mar  4 22:28:40 PST 2020; root:xnu-6153.101.6~15/RELEASE_X86_64
nodename: mac-5.local
machine: x86_64
clock source: unix
pcre jit disabled
detected number of CPU cores: 8
current working directory: /Users/mi0/tool/srctool/hhsrc_v3/hhsrc_server
writing pidfile to /Users/mi0/tool/srctool/hhsrc_v3/hhsrc_server/uwsgi.pid
detected binary path: /usr/local/Cellar/uwsgi/2.0.19.1/bin/uwsgi
your processes number limit is 2784
your memory page size is 4096 bytes
detected max file descriptor number: 12800
lock engine: OSX spinlocks
thunder lock: disabled (you can enable it with --thunder-lock)
probably another instance of uWSGI is running on the same address (127.0.0.1:9002).
bind(): Address already in use [core/socket.c line 769]
*** Starting uWSGI 2.0.19.1 (64bit) on [Tue Mar  9 14:23:54 2021] ***
compiled with version: Apple LLVM 12.0.0 (clang-1200.0.22.8) on 14 January 2021 14:38:22
os: Darwin-19.4.0 Darwin Kernel Version 19.4.0: Wed Mar  4 22:28:40 PST 2020; root:xnu-6153.101.6~15/RELEASE_X86_64
nodename: mac-5.local
machine: x86_64
clock source: unix
pcre jit disabled
detected number of CPU cores: 8
current working directory: /Users/mi0/tool/srctool/hhsrc_v3/hhsrc_server
writing pidfile to /Users/mi0/tool/srctool/hhsrc_v3/hhsrc_server/uwsgi.pid
detected binary path: /usr/local/Cellar/uwsgi/2.0.19.1/bin/uwsgi
your processes number limit is 2784
your memory page size is 4096 bytes
detected max file descriptor number: 12800
lock engine: OSX spinlocks
thunder lock: disabled (you can enable it with --thunder-lock)
probably another instance of uWSGI is running on the same address (127.0.0.1:9002).
bind(): Address already in use [core/socket.c line 769]
*** Starting uWSGI 2.0.19.1 (64bit) on [Tue Mar  9 14:24:03 2021] ***
compiled with version: Apple LLVM 12.0.0 (clang-1200.0.22.8) on 14 January 2021 14:38:22
os: Darwin-19.4.0 Darwin Kernel Version 19.4.0: Wed Mar  4 22:28:40 PST 2020; root:xnu-6153.101.6~15/RELEASE_X86_64
nodename: mac-5.local
machine: x86_64
clock source: unix
pcre jit disabled
detected number of CPU cores: 8
current working directory: /Users/mi0/tool/srctool/hhsrc_v3/hhsrc_server
writing pidfile to /Users/mi0/tool/srctool/hhsrc_v3/hhsrc_server/uwsgi.pid
detected binary path: /usr/local/Cellar/uwsgi/2.0.19.1/bin/uwsgi
your processes number limit is 2784
your memory page size is 4096 bytes
detected max file descriptor number: 12800
lock engine: OSX spinlocks
thunder lock: disabled (you can enable it with --thunder-lock)
probably another instance of uWSGI is running on the same address (127.0.0.1:9002).
bind(): Address already in use [core/socket.c line 769]
*** Starting uWSGI 2.0.19.1 (64bit) on [Tue Mar  9 14:24:48 2021] ***
compiled with version: Apple LLVM 12.0.0 (clang-1200.0.22.8) on 14 January 2021 14:38:22
os: Darwin-19.4.0 Darwin Kernel Version 19.4.0: Wed Mar  4 22:28:40 PST 2020; root:xnu-6153.101.6~15/RELEASE_X86_64
nodename: mac-5.local
machine: x86_64
clock source: unix
pcre jit disabled
detected number of CPU cores: 8
current working directory: /Users/mi0/tool/srctool/hhsrc_v3/hhsrc_server
writing pidfile to /Users/mi0/tool/srctool/hhsrc_v3/hhsrc_server/uwsgi.pid
detected binary path: /usr/local/Cellar/uwsgi/2.0.19.1/bin/uwsgi
your processes number limit is 2784
your memory page size is 4096 bytes
detected max file descriptor number: 12800
lock engine: OSX spinlocks
thunder lock: disabled (you can enable it with --thunder-lock)
uwsgi socket 0 bound to TCP address 127.0.0.1:5000 fd 3
your server socket listen backlog is limited to 100 connections
your mercy for graceful operations on workers is 60 seconds
mapped 416800 bytes (407 KB) for 8 cores
*** Operational MODE: preforking+threaded ***
*** no app loaded. going in full dynamic mode ***
*** uWSGI is running in multiple interpreter mode ***
!!!!!!!!!!!!!! WARNING !!!!!!!!!!!!!!
no request plugin is loaded, you will not be able to manage requests.
you may need to install the package for your language of choice, or simply load it with --plugin.
!!!!!!!!!!! END OF WARNING !!!!!!!!!!
spawned uWSGI master process (pid: 1288)
spawned uWSGI worker 1 (pid: 1291, cores: 2)
spawned uWSGI worker 2 (pid: 1292, cores: 2)
spawned uWSGI worker 3 (pid: 1293, cores: 2)
spawned uWSGI worker 4 (pid: 1294, cores: 2)
invalid request block size: 21573 (max 4096)...skip
invalid request block size: 21573 (max 4096)...skip
invalid request block size: 21573 (max 4096)...skip
invalid request block size: 21573 (max 4096)...skip
invalid request block size: 21573 (max 4096)...skip
invalid request block size: 21573 (max 4096)...skip
invalid request block size: 21573 (max 4096)...skip
invalid request block size: 21573 (max 4096)...skip
invalid request block size: 21573 (max 4096)...skip
invalid request block size: 21573 (max 4096)...skip
invalid request block size: 21573 (max 4096)...skip
invalid request block size: 21573 (max 4096)...skip
invalid request block size: 21573 (max 4096)...skip
invalid request block size: 21573 (max 4096)...skip
invalid request block size: 21573 (max 4096)...skip
invalid request block size: 21573 (max 4096)...skip
invalid request block size: 21573 (max 4096)...skip
invalid request block size: 21573 (max 4096)...skip
invalid request block size: 21573 (max 4096)...skip
invalid request block size: 21573 (max 4096)...skip
invalid request block size: 21573 (max 4096)...skip
invalid request block size: 21573 (max 4096)...skip
invalid request block size: 21573 (max 4096)...skip
invalid request block size: 21573 (max 4096)...skip
invalid request block size: 21573 (max 4096)...skip
invalid request block size: 21573 (max 4096)...skip
invalid request block size: 21573 (max 4096)...skip
invalid request block size: 21573 (max 4096)...skip
invalid request block size: 21573 (max 4096)...skip
invalid request block size: 21573 (max 4096)...skip
invalid request block size: 21573 (max 4096)...skip
invalid request block size: 21573 (max 4096)...skip
invalid request block size: 21573 (max 4096)...skip
